[debug] [2018-06-29T16:12:36.886Z] ----------------------------------------------------------------------
[debug] [2018-06-29T16:12:36.889Z] Command:       /usr/local/bin/node /usr/local/bin/firebase serve --only functions
[debug] [2018-06-29T16:12:36.889Z] CLI Version:   3.18.4
[debug] [2018-06-29T16:12:36.889Z] Platform:      darwin
[debug] [2018-06-29T16:12:36.889Z] Node Version:  v6.14.0
[debug] [2018-06-29T16:12:36.890Z] Time:          Fri Jun 29 2018 11:12:36 GMT-0500 (-05)
[debug] [2018-06-29T16:12:36.890Z] ----------------------------------------------------------------------
[debug] 
[debug] [2018-06-29T16:12:36.902Z] > command requires scopes: ["email","openid","https://www.googleapis.com/auth/cloudplatformprojects.readonly","https://www.googleapis.com/auth/firebase","https://www.googleapis.com/auth/cloud-platform"]
[debug] [2018-06-29T16:12:36.902Z] > authorizing via signed-in user
[debug] [2018-06-29T16:12:36.905Z] >>> HTTP REQUEST GET https://admin.firebase.com/v1/projects/testslo-47e3e  
  
 Fri Jun 29 2018 11:12:36 GMT-0500 (-05)
[debug] [2018-06-29T16:12:37.599Z] <<< HTTP RESPONSE 200
[debug] [2018-06-29T16:12:37.600Z] >>> HTTP REQUEST GET https://admin.firebase.com/v1/database/testslo-47e3e/tokens  
  
 Fri Jun 29 2018 11:12:37 GMT-0500 (-05)
[debug] [2018-06-29T16:12:38.275Z] <<< HTTP RESPONSE 200
[debug] [2018-06-29T16:12:38.277Z] >>> HTTP REQUEST GET https://cloudresourcemanager.googleapis.com/v1/projects/testslo-47e3e  
  
 Fri Jun 29 2018 11:12:38 GMT-0500 (-05)
[debug] [2018-06-29T16:12:39.053Z] <<< HTTP RESPONSE 200
[info] 
[info] === Serving from '/Users/fslc92/Documents/fslc/testFirebaseSLO'...
[info] 
[info] i  functions: Preparing to emulate functions.
[debug] [2018-06-29T16:12:39.826Z] Fetching environment
[debug] [2018-06-29T16:12:39.828Z] >>> HTTP REQUEST GET https://mobilesdk-pa.googleapis.com/v1/projects/1006463023104:getServerAppConfig  
  
 Fri Jun 29 2018 11:12:39 GMT-0500 (-05)
[debug] [2018-06-29T16:12:42.776Z] <<< HTTP RESPONSE 200
[debug] [2018-06-29T16:12:42.776Z] Starting @google-cloud/functions-emulator
[debug] [2018-06-29T16:12:44.846Z] Parsing function triggers
[info] ✔  functions: helloWorld: http://localhost:5000/testslo-47e3e/us-central1/helloWorld
